2021/02/02 19:46:21 [error] 28946#28946: *4904 FastCGI sent in stderr: "PHP message: PHP Warning:  call_user_func_array() expects parameter 1 to be a valid callback, function 'add_phone_to_edit_account_form' not found or invalid function name in /www/theuntamedbeautyeurope_590/public/wp-includes/class-wp-hook.php on line 287" while reading response header from upstream, client: 151.177.103.248, server: theuntamedbeautyeurope.kinsta.cloud, request: "GET /?page_id=9&edit-account HTTP/1.0", upstream: "fastcgi://unix:/var/run/php7.4-fpm-theuntamedbeautyeurope.sock:", host: "theuntamedbeautyeurope.kinsta.cloud", referrer: "https://theuntamedbeautyeurope.kinsta.cloud/?page_id=9"
2021/02/02 20:01:02 [error] 28946#28946: *6897 FastCGI sent in stderr: "PHP message: PHP Fatal error:  Uncaught Error: Call to undefined function _esc_html_e() in /www/theuntamedbeautyeurope_590/public/wp-content/themes/storefront-child/woocommerce/myaccount/form-edit-account.php:49
Stack trace:
#0 /www/theuntamedbeautyeurope_590/public/wp-content/plugins/woocommerce/includes/wc-core-functions.php(345): include()
#1 /www/theuntamedbeautyeurope_590/public/wp-content/plugins/woocommerce/includes/shortcodes/class-wc-shortcode-my-account.php(160): wc_get_template('myaccount/form-...', Array)
#2 /www/theuntamedbeautyeurope_590/public/wp-content/plugins/woocommerce/includes/wc-template-functions.php(3195): WC_Shortcode_My_Account::edit_account()
#3 /www/theuntamedbeautyeurope_590/public/wp-includes/class-wp-hook.php(287): woocommerce_account_edit_account('')
#4 /www/theuntamedbeautyeurope_590/public/wp-includes/class-wp-hook.php(311): WP_Hook->apply_filters('', Array)
#5 /www/theuntamedbeautyeurope_590/public/wp-includes/plugin.php(484): WP_Hook->do_action(Array)
#6 /www/th" while reading response header from upstream, client: 151.177.103.248, server: theuntamedbeautyeurope.kinsta.cloud, request: "GET /?page_id=9&edit-account HTTP/1.0", upstream: "fastcgi://unix:/var/run/php7.4-fpm-theuntamedbeautyeurope.sock:", host: "theuntamedbeautyeurope.kinsta.cloud", referrer: "https://theuntamedbeautyeurope.kinsta.cloud/?page_id=9"
2021/02/02 20:01:09 [error] 28946#28946: *6922 FastCGI sent in stderr: "PHP message: PHP Fatal error:  Uncaught Error: Call to undefined function _esc_html_e() in /www/theuntamedbeautyeurope_590/public/wp-content/themes/storefront-child/woocommerce/myaccount/form-edit-account.php:49
Stack trace:
#0 /www/theuntamedbeautyeurope_590/public/wp-content/plugins/woocommerce/includes/wc-core-functions.php(345): include()
#1 /www/theuntamedbeautyeurope_590/public/wp-content/plugins/woocommerce/includes/shortcodes/class-wc-shortcode-my-account.php(160): wc_get_template('myaccount/form-...', Array)
#2 /www/theuntamedbeautyeurope_590/public/wp-content/plugins/woocommerce/includes/wc-template-functions.php(3195): WC_Shortcode_My_Account::edit_account()
#3 /www/theuntamedbeautyeurope_590/public/wp-includes/class-wp-hook.php(287): woocommerce_account_edit_account('')
#4 /www/theuntamedbeautyeurope_590/public/wp-includes/class-wp-hook.php(311): WP_Hook->apply_filters('', Array)
#5 /www/theuntamedbeautyeurope_590/public/wp-includes/plugin.php(484): WP_Hook->do_action(Array)
#6 /www/th" while reading response header from upstream, client: 151.177.103.248, server: theuntamedbeautyeurope.kinsta.cloud, request: "GET /?page_id=9&edit-account HTTP/1.0", upstream: "fastcgi://unix:/var/run/php7.4-fpm-theuntamedbeautyeurope.sock:", host: "theuntamedbeautyeurope.kinsta.cloud", referrer: "https://theuntamedbeautyeurope.kinsta.cloud/?page_id=9"
2021/02/02 21:11:01 [error] 28946#28946: *9461 limiting requests, excess: 0.525 by zone "purgeAll", client: ::1, server: theuntamedbeautyeurope.kinsta.cloud, request: "GET /kinsta-clear-cache-all HTTP/1.1", host: "localhost", referrer: "https://localhost/kinsta-clear-cache-all"
2021/02/03 10:06:36 [error] 38516#38516: *13245 FastCGI sent in stderr: "PHP message: api call /api2/online-office/user/check-auth?login=aleksandermlmsoft&type=member&password=4Rlj9%2AXMzHt%25ixORR Array
(
    [headers] => Array
        (
            [Content-Type] => application/json
            [App-Id] => 1
            [Security-Key] => 01f2ac52374007f0bd61a49453249cbe
        )

    [method] => GET
)
WP_Error Object
(
    [errors] => Array
        (
            [http_request_failed] => Array
                (
                    [0] => A valid URL was not provided.
                )

        )

    [error_data] => Array
        (
        )

    [additional_data:protected] => Array
        (
        )

)
PHP message: Something went wrong: A valid URL was not provided" while reading response header from upstream, client: 90.188.7.20, server: theuntamedbeautyeurope.kinsta.cloud, request: "POST /?page_id=9 HTTP/1.0", upstream: "fastcgi://unix:/var/run/php7.4-fpm-theuntamedbeautyeurope.sock:", host: "theuntamedbeautyeurope.kinsta.cloud", referrer: "https://theuntamedbeautyeurope.kinsta.cloud/?page_id=9"
2021/02/03 12:23:37 [error] 38516#38516: *14079 FastCGI sent in stderr: "PHP message: PHP Fatal error:  Uncaught Error: Call to undefined method MlmSoft::getCountries() in /www/theuntamedbeautyeurope_590/public/wp-content/themes/storefront-child/functions.php:223
Stack trace:
#0 /www/theuntamedbeautyeurope_590/public/wp-includes/class-wp-hook.php(287): wooc_extra_register_fields('')
#1 /www/theuntamedbeautyeurope_590/public/wp-includes/class-wp-hook.php(311): WP_Hook->apply_filters('', Array)
#2 /www/theuntamedbeautyeurope_590/public/wp-includes/plugin.php(484): WP_Hook->do_action(Array)
#3 /www/theuntamedbeautyeurope_590/public/wp-content/plugins/woocommerce/templates/myaccount/form-login.php(74): do_action('woocommerce_reg...')
#4 /www/theuntamedbeautyeurope_590/public/wp-content/plugins/woocommerce/includes/wc-core-functions.php(345): include('/www/theuntamed...')
#5 /www/theuntamedbeautyeurope_590/public/wp-content/plugins/woocommerce/includes/shortcodes/class-wc-shortcode-my-account.php(57): wc_get_template('myaccount/form-...')
#6 /www/theuntamedbeautyeurope_590/" while reading response header from upstream, client: 90.188.7.20, server: theuntamedbeautyeurope.kinsta.cloud, request: "GET /?page_id=9 HTTP/1.0", upstream: "fastcgi://unix:/var/run/php7.4-fpm-theuntamedbeautyeurope.sock:", host: "theuntamedbeautyeurope.kinsta.cloud", referrer: "https://theuntamedbeautyeurope.kinsta.cloud/"
2021/02/03 12:23:48 [error] 38516#38516: *14087 FastCGI sent in stderr: "PHP message: PHP Fatal error:  Uncaught Error: Call to undefined method MlmSoft::getCountries() in /www/theuntamedbeautyeurope_590/public/wp-content/themes/storefront-child/functions.php:223
Stack trace:
#0 /www/theuntamedbeautyeurope_590/public/wp-includes/class-wp-hook.php(287): wooc_extra_register_fields('')
#1 /www/theuntamedbeautyeurope_590/public/wp-includes/class-wp-hook.php(311): WP_Hook->apply_filters('', Array)
#2 /www/theuntamedbeautyeurope_590/public/wp-includes/plugin.php(484): WP_Hook->do_action(Array)
#3 /www/theuntamedbeautyeurope_590/public/wp-content/plugins/woocommerce/templates/myaccount/form-login.php(74): do_action('woocommerce_reg...')
#4 /www/theuntamedbeautyeurope_590/public/wp-content/plugins/woocommerce/includes/wc-core-functions.php(345): include('/www/theuntamed...')
#5 /www/theuntamedbeautyeurope_590/public/wp-content/plugins/woocommerce/includes/shortcodes/class-wc-shortcode-my-account.php(57): wc_get_template('myaccount/form-...')
#6 /www/theuntamedbeautyeurope_590/" while reading response header from upstream, client: 90.188.7.20, server: theuntamedbeautyeurope.kinsta.cloud, request: "GET /?page_id=9 HTTP/1.0", upstream: "fastcgi://unix:/var/run/php7.4-fpm-theuntamedbeautyeurope.sock:", host: "theuntamedbeautyeurope.kinsta.cloud", referrer: "https://theuntamedbeautyeurope.kinsta.cloud/"
